E, [2016-03-29T10:18:20.487506 #14698] ERROR -- Kitchen: ------Exception-------
E, [2016-03-29T10:18:20.487671 #14698] ERROR -- Kitchen: Class: Kitchen::UserError
E, [2016-03-29T10:18:20.487736 #14698] ERROR -- Kitchen: Message: Kitchen YAML file /Users/rhansohn/Code/nginx/.kitchen.yml does not exist.
E, [2016-03-29T10:18:20.487773 #14698] ERROR -- Kitchen: ------Backtrace-------
E, [2016-03-29T10:18:20.487800 #14698] ERROR -- Kitchen: /opt/chefdk/embedded/lib/ruby/gems/2.1.0/gems/test-kitchen-1.5.0/lib/kitchen/loader/yaml.rb:74:in `read'
E, [2016-03-29T10:18:20.487843 #14698] ERROR -- Kitchen: /opt/chefdk/embedded/lib/ruby/gems/2.1.0/gems/test-kitchen-1.5.0/lib/kitchen/config.rb:149:in `data'
E, [2016-03-29T10:18:20.487870 #14698] ERROR -- Kitchen: /opt/chefdk/embedded/lib/ruby/gems/2.1.0/gems/test-kitchen-1.5.0/lib/kitchen/config.rb:128:in `suites'
E, [2016-03-29T10:18:20.487896 #14698] ERROR -- Kitchen: /opt/chefdk/embedded/lib/ruby/gems/2.1.0/gems/test-kitchen-1.5.0/lib/kitchen/config.rb:179:in `filter_instances'
E, [2016-03-29T10:18:20.487922 #14698] ERROR -- Kitchen: /opt/chefdk/embedded/lib/ruby/gems/2.1.0/gems/test-kitchen-1.5.0/lib/kitchen/config.rb:138:in `build_instances'
E, [2016-03-29T10:18:20.487948 #14698] ERROR -- Kitchen: /opt/chefdk/embedded/lib/ruby/gems/2.1.0/gems/test-kitchen-1.5.0/lib/kitchen/config.rb:114:in `instances'
E, [2016-03-29T10:18:20.487973 #14698] ERROR -- Kitchen: /opt/chefdk/embedded/lib/ruby/gems/2.1.0/gems/test-kitchen-1.5.0/lib/kitchen/command.rb:115:in `filtered_instances'
E, [2016-03-29T10:18:20.487999 #14698] ERROR -- Kitchen: /opt/chefdk/embedded/lib/ruby/gems/2.1.0/gems/test-kitchen-1.5.0/lib/kitchen/command.rb:145:in `parse_subcommand'
E, [2016-03-29T10:18:20.488024 #14698] ERROR -- Kitchen: /opt/chefdk/embedded/lib/ruby/gems/2.1.0/gems/test-kitchen-1.5.0/lib/kitchen/command/login.rb:32:in `call'
E, [2016-03-29T10:18:20.488049 #14698] ERROR -- Kitchen: /opt/chefdk/embedded/lib/ruby/gems/2.1.0/gems/test-kitchen-1.5.0/lib/kitchen/cli.rb:56:in `perform'
E, [2016-03-29T10:18:20.488073 #14698] ERROR -- Kitchen: /opt/chefdk/embedded/lib/ruby/gems/2.1.0/gems/test-kitchen-1.5.0/lib/kitchen/cli.rb:234:in `login'
E, [2016-03-29T10:18:20.488099 #14698] ERROR -- Kitchen: /opt/chefdk/embedded/lib/ruby/gems/2.1.0/gems/thor-0.19.1/lib/thor/command.rb:27:in `run'
E, [2016-03-29T10:18:20.488124 #14698] ERROR -- Kitchen: /opt/chefdk/embedded/lib/ruby/gems/2.1.0/gems/thor-0.19.1/lib/thor/invocation.rb:126:in `invoke_command'
E, [2016-03-29T10:18:20.488149 #14698] ERROR -- Kitchen: /opt/chefdk/embedded/lib/ruby/gems/2.1.0/gems/test-kitchen-1.5.0/lib/kitchen/cli.rb:321:in `invoke_task'
E, [2016-03-29T10:18:20.488173 #14698] ERROR -- Kitchen: /opt/chefdk/embedded/lib/ruby/gems/2.1.0/gems/thor-0.19.1/lib/thor.rb:359:in `dispatch'
E, [2016-03-29T10:18:20.488198 #14698] ERROR -- Kitchen: /opt/chefdk/embedded/lib/ruby/gems/2.1.0/gems/thor-0.19.1/lib/thor/base.rb:440:in `start'
E, [2016-03-29T10:18:20.488222 #14698] ERROR -- Kitchen: /opt/chefdk/embedded/lib/ruby/gems/2.1.0/gems/test-kitchen-1.5.0/bin/kitchen:13:in `block in <top (required)>'
E, [2016-03-29T10:18:20.488275 #14698] ERROR -- Kitchen: /opt/chefdk/embedded/lib/ruby/gems/2.1.0/gems/test-kitchen-1.5.0/lib/kitchen/errors.rb:154:in `with_friendly_errors'
E, [2016-03-29T10:18:20.488325 #14698] ERROR -- Kitchen: /opt/chefdk/embedded/lib/ruby/gems/2.1.0/gems/test-kitchen-1.5.0/bin/kitchen:13:in `<top (required)>'
E, [2016-03-29T10:18:20.488353 #14698] ERROR -- Kitchen: /opt/chefdk/bin/kitchen:17:in `load'
E, [2016-03-29T10:18:20.488377 #14698] ERROR -- Kitchen: /opt/chefdk/bin/kitchen:17:in `<main>'
E, [2016-03-29T10:18:20.488401 #14698] ERROR -- Kitchen: ----------------------
